0 info it worked if it ends with ok
1 verbose cli [ '/usr/local/bin/node',
1 verbose cli   '/usr/local/bin/npm',
1 verbose cli   'run',
1 verbose cli   'dev_server' ]
2 info using npm@3.10.3
3 info using node@v6.5.0
4 verbose run-script [ 'predev_server', 'dev_server', 'postdev_server' ]
5 info lifecycle webpack-rails@0.0.1~predev_server: webpack-rails@0.0.1
6 silly lifecycle webpack-rails@0.0.1~predev_server: no script for predev_server, continuing
7 info lifecycle webpack-rails@0.0.1~dev_server: webpack-rails@0.0.1
8 verbose lifecycle webpack-rails@0.0.1~dev_server: unsafe-perm in lifecycle true
9 verbose lifecycle webpack-rails@0.0.1~dev_server: PATH: /usr/local/lib/node_modules/npm/bin/node-gyp-bin:/Users/jordanpeterson/Desktop/Google Drive/DPL/props_tracer/node_modules/.bin:/usr/local/bin:/Users/jordanpeterson/.rbenv/shims:/Users/jordanpeterson/.rbenv/bin:/applications/Postgres.app/Contents/Versions/9.5/bin:/usr/local/bin:/usr/bin:/bin:/usr/sbin:/sbin:/opt/X11/bin:/bin:/sbin:/usr/bin:/usr/sbin
10 verbose lifecycle webpack-rails@0.0.1~dev_server: CWD: /Users/jordanpeterson/Desktop/Google Drive/DPL/props_tracer
11 silly lifecycle webpack-rails@0.0.1~dev_server: Args: [ '-c', 'webpack-dev-server --config config/webpack.config.js' ]
12 silly lifecycle webpack-rails@0.0.1~dev_server: Returned: code: 1  signal: null
13 info lifecycle webpack-rails@0.0.1~dev_server: Failed to exec dev_server script
14 verbose stack Error: webpack-rails@0.0.1 dev_server: `webpack-dev-server --config config/webpack.config.js`
14 verbose stack Exit status 1
14 verbose stack     at EventEmitter.<anonymous> (/usr/local/lib/node_modules/npm/lib/utils/lifecycle.js:242:16)
14 verbose stack     at emitTwo (events.js:106:13)
14 verbose stack     at EventEmitter.emit (events.js:191:7)
14 verbose stack     at ChildProcess.<anonymous> (/usr/local/lib/node_modules/npm/lib/utils/spawn.js:40:14)
14 verbose stack     at emitTwo (events.js:106:13)
14 verbose stack     at ChildProcess.emit (events.js:191:7)
14 verbose stack     at maybeClose (internal/child_process.js:877:16)
14 verbose stack     at Process.ChildProcess._handle.onexit (internal/child_process.js:226:5)
15 verbose pkgid webpack-rails@0.0.1
16 verbose cwd /Users/jordanpeterson/Desktop/Google Drive/DPL/props_tracer
17 error Darwin 16.0.0
18 error argv "/usr/local/bin/node" "/usr/local/bin/npm" "run" "dev_server"
19 error node v6.5.0
20 error npm  v3.10.3
21 error code ELIFECYCLE
22 error webpack-rails@0.0.1 dev_server: `webpack-dev-server --config config/webpack.config.js`
22 error Exit status 1
23 error Failed at the webpack-rails@0.0.1 dev_server script 'webpack-dev-server --config config/webpack.config.js'.
23 error Make sure you have the latest version of node.js and npm installed.
23 error If you do, this is most likely a problem with the webpack-rails package,
23 error not with npm itself.
23 error Tell the author that this fails on your system:
23 error     webpack-dev-server --config config/webpack.config.js
23 error You can get information on how to open an issue for this project with:
23 error     npm bugs webpack-rails
23 error Or if that isn't available, you can get their info via:
23 error     npm owner ls webpack-rails
23 error There is likely additional logging output above.
24 verbose exit [ 1, true ]
>>>>>>> added logo to nav and images/content to about
